{
  "uid" : "b1a0539023771412",
  "name" : "test_guest_can_add_product_to_basket[http://selenium1py.pythonanywhere.com/catalogue/coders-at-work_207/?promo=offer7]",
  "fullName" : "test_product_page.TestProductPage#test_guest_can_add_product_to_basket",
  "historyId" : "5764e2eba716a121369c17b3b04b18f8",
  "time" : {
    "start" : 1608448768515,
    "stop" : 1608448771163,
    "duration" : 2648
  },
  "status" : "skipped",
  "statusMessage" : "XFAIL\n\nAssertionError: Success message do not have correct product name in it",
  "statusTrace" : "self = <module_5.test_product_page.TestProductPage object at 0x0000021435E37B80>, browser = <selenium.webdriver.chrome.webdriver.WebDriver (session=\"5ca0d20af74240afb37f44c9ff86bbe0\")>\nlink = 'http://selenium1py.pythonanywhere.com/catalogue/coders-at-work_207/?promo=offer7'\n\n    @pytest.mark.parametrize('link',\n                             [\"http://selenium1py.pythonanywhere.com/catalogue/coders-at-work_207/?promo=offer0\",\n                              \"http://selenium1py.pythonanywhere.com/catalogue/coders-at-work_207/?promo=offer1\",\n                              \"http://selenium1py.pythonanywhere.com/catalogue/coders-at-work_207/?promo=offer2\",\n                              \"http://selenium1py.pythonanywhere.com/catalogue/coders-at-work_207/?promo=offer3\",\n                              \"http://selenium1py.pythonanywhere.com/catalogue/coders-at-work_207/?promo=offer4\",\n                              \"http://selenium1py.pythonanywhere.com/catalogue/coders-at-work_207/?promo=offer5\",\n                              \"http://selenium1py.pythonanywhere.com/catalogue/coders-at-work_207/?promo=offer6\",\n                              pytest.param(\"http://selenium1py.pythonanywhere.com/catalogue/coders-at-work_207/?promo=offer7\", marks=pytest.mark.xfail),\n                              \"http://selenium1py.pythonanywhere.com/catalogue/coders-at-work_207/?promo=offer8\",\n                              \"http://selenium1py.pythonanywhere.com/catalogue/coders-at-work_207/?promo=offer9\"])\n    def test_guest_can_add_product_to_basket(self, browser, link):\n        # Arrange\n        #link = \"http://selenium1py.pythonanywhere.com/catalogue/the-shellcoders-handbook_209/?promo=newYear\"\n        #link = \"http://selenium1py.pythonanywhere.com/catalogue/coders-at-work_207/?promo=newYear2019\"\n        #link = \"http://selenium1py.pythonanywhere.com/catalogue/coders-at-work_207/?promo=offer6\"\n        page = ProductPage(browser, link)\n        page.open()\n        #page.should_not_be_success_message()\n        page.arrange_prerequisites()\n        # Act\n        page.add_product_to_basket()\n        # Assert\n        page.should_be_success_message()\n>       page.should_be_correct_product_in_success_message()\n\nmodule_5\\test_product_page.py:36: \n_ _ _ _ _ _ _ _ _ _ _ _ _ _ _ _ _ _ _ _ _ _ _ _ _ _ _ _ _ _ _ _ _ _ _ _ _ _ _ _ _ _ _ _ _ _ _ _ _ _ _ _ _ _ _ _ _ _ _ _ _ _ _ _ _ _ _ _ _ _ _ _ _ _ _ _ _ _ _ _ _ _ _ _ _ _ _ _ _ _ _ _ _ _ _ _ _ _ _ _ _ _ _ _ _ _ _ _ _ _ _ _ _ _ _ _\n\nself = <module_5.pages.product_page.ProductPage object at 0x0000021435E1CC40>\n\n    def should_be_correct_product_in_success_message(self):\n>       assert self.product_name == self.browser.find_element(\n            *ProductPageLocators.SUCCESS_MESSAGE_PRODUCT_NAME).text, \\\n            \"Success message do not have correct product name in it\"\nE       AssertionError: Success message do not have correct product name in it\n\nmodule_5\\pages\\product_page.py:27: AssertionError",
  "flaky" : false,
  "beforeStages" : [ {
    "name" : "browser",
    "time" : {
      "start" : 1608448765369,
      "stop" : 1608448768514,
      "duration" : 3145
    },
    "status" : "passed",
    "steps" : [ ],
    "attachments" : [ ],
    "parameters" : [ ],
    "stepsCount" : 0,
    "hasContent" : false,
    "attachmentsCount" : 0,
    "shouldDisplayMessage" : false
  } ],
  "testStage" : {
    "status" : "skipped",
    "statusMessage" : "XFAIL\n\nAssertionError: Success message do not have correct product name in it",
    "statusTrace" : "self = <module_5.test_product_page.TestProductPage object at 0x0000021435E37B80>, browser = <selenium.webdriver.chrome.webdriver.WebDriver (session=\"5ca0d20af74240afb37f44c9ff86bbe0\")>\nlink = 'http://selenium1py.pythonanywhere.com/catalogue/coders-at-work_207/?promo=offer7'\n\n    @pytest.mark.parametrize('link',\n                             [\"http://selenium1py.pythonanywhere.com/catalogue/coders-at-work_207/?promo=offer0\",\n                              \"http://selenium1py.pythonanywhere.com/catalogue/coders-at-work_207/?promo=offer1\",\n                              \"http://selenium1py.pythonanywhere.com/catalogue/coders-at-work_207/?promo=offer2\",\n                              \"http://selenium1py.pythonanywhere.com/catalogue/coders-at-work_207/?promo=offer3\",\n                              \"http://selenium1py.pythonanywhere.com/catalogue/coders-at-work_207/?promo=offer4\",\n                              \"http://selenium1py.pythonanywhere.com/catalogue/coders-at-work_207/?promo=offer5\",\n                              \"http://selenium1py.pythonanywhere.com/catalogue/coders-at-work_207/?promo=offer6\",\n                              pytest.param(\"http://selenium1py.pythonanywhere.com/catalogue/coders-at-work_207/?promo=offer7\", marks=pytest.mark.xfail),\n                              \"http://selenium1py.pythonanywhere.com/catalogue/coders-at-work_207/?promo=offer8\",\n                              \"http://selenium1py.pythonanywhere.com/catalogue/coders-at-work_207/?promo=offer9\"])\n    def test_guest_can_add_product_to_basket(self, browser, link):\n        # Arrange\n        #link = \"http://selenium1py.pythonanywhere.com/catalogue/the-shellcoders-handbook_209/?promo=newYear\"\n        #link = \"http://selenium1py.pythonanywhere.com/catalogue/coders-at-work_207/?promo=newYear2019\"\n        #link = \"http://selenium1py.pythonanywhere.com/catalogue/coders-at-work_207/?promo=offer6\"\n        page = ProductPage(browser, link)\n        page.open()\n        #page.should_not_be_success_message()\n        page.arrange_prerequisites()\n        # Act\n        page.add_product_to_basket()\n        # Assert\n        page.should_be_success_message()\n>       page.should_be_correct_product_in_success_message()\n\nmodule_5\\test_product_page.py:36: \n_ _ _ _ _ _ _ _ _ _ _ _ _ _ _ _ _ _ _ _ _ _ _ _ _ _ _ _ _ _ _ _ _ _ _ _ _ _ _ _ _ _ _ _ _ _ _ _ _ _ _ _ _ _ _ _ _ _ _ _ _ _ _ _ _ _ _ _ _ _ _ _ _ _ _ _ _ _ _ _ _ _ _ _ _ _ _ _ _ _ _ _ _ _ _ _ _ _ _ _ _ _ _ _ _ _ _ _ _ _ _ _ _ _ _ _\n\nself = <module_5.pages.product_page.ProductPage object at 0x0000021435E1CC40>\n\n    def should_be_correct_product_in_success_message(self):\n>       assert self.product_name == self.browser.find_element(\n            *ProductPageLocators.SUCCESS_MESSAGE_PRODUCT_NAME).text, \\\n            \"Success message do not have correct product name in it\"\nE       AssertionError: Success message do not have correct product name in it\n\nmodule_5\\pages\\product_page.py:27: AssertionError",
    "steps" : [ ],
    "attachments" : [ {
      "uid" : "e50e28c468698049",
      "name" : "stdout",
      "source" : "e50e28c468698049.txt",
      "type" : "text/plain",
      "size" : 75
    } ],
    "parameters" : [ ],
    "stepsCount" : 0,
    "hasContent" : true,
    "attachmentsCount" : 1,
    "shouldDisplayMessage" : true
  },
  "afterStages" : [ {
    "name" : "browser::0",
    "time" : {
      "start" : 1608448771269,
      "stop" : 1608448773644,
      "duration" : 2375
    },
    "status" : "passed",
    "steps" : [ ],
    "attachments" : [ ],
    "parameters" : [ ],
    "stepsCount" : 0,
    "hasContent" : false,
    "attachmentsCount" : 0,
    "shouldDisplayMessage" : false
  } ],
  "labels" : [ {
    "name" : "tag",
    "value" : "@pytest.mark.xfail"
  }, {
    "name" : "suite",
    "value" : "test_product_page"
  }, {
    "name" : "subSuite",
    "value" : "TestProductPage"
  }, {
    "name" : "host",
    "value" : "DESKTOP-ST2EMUL"
  }, {
    "name" : "thread",
    "value" : "40672-MainThread"
  }, {
    "name" : "framework",
    "value" : "pytest"
  }, {
    "name" : "language",
    "value" : "cpython3"
  }, {
    "name" : "package",
    "value" : "test_product_page"
  }, {
    "name" : "resultFormat",
    "value" : "allure2"
  } ],
  "parameters" : [ {
    "name" : "link",
    "value" : "'http://selenium1py.pythonanywhere.com/catalogue/coders-at-work_207/?promo=offer7'"
  } ],
  "links" : [ ],
  "hidden" : false,
  "retry" : false,
  "extra" : {
    "severity" : "normal",
    "retries" : [ ],
    "categories" : [ ],
    "tags" : [ "@pytest.mark.xfail" ]
  },
  "source" : "b1a0539023771412.json",
  "parameterValues" : [ "'http://selenium1py.pythonanywhere.com/catalogue/coders-at-work_207/?promo=offer7'" ]
}